<?xml version="1.0" encoding="UTF-8"?>
<testsuite xmlns:xsi="http://www.w3.org/2001/XMLSchema-instance" xsi:noNamespaceSchemaLocation="https://maven.apache.org/surefire/maven-surefire-plugin/xsd/surefire-test-report.xsd" name="pl.kpro.contests.AppTest" time="0.021" tests="1" errors="0" skipped="0" failures="0">
  <properties>
    <property name="java.specification.version" value="18"/>
    <property name="sun.cpu.isalist" value="amd64"/>
    <property name="sun.jnu.encoding" value="Cp1250"/>
    <property name="java.class.path" value="D:\Dane\Programowanie\AdventOfCode2023\advent-of-code-2023\target\test-classes;D:\Dane\Programowanie\AdventOfCode2023\advent-of-code-2023\target\classes;C:\Users\Krzys\.m2\repository\junit\junit\4.11\junit-4.11.jar;C:\Users\Krzys\.m2\repository\org\hamcrest\hamcrest-core\1.3\hamcrest-core-1.3.jar;C:\Users\Krzys\.m2\repository\org\reflections\reflections\0.9.11\reflections-0.9.11.jar;C:\Users\Krzys\.m2\repository\com\google\guava\guava\20.0\guava-20.0.jar;C:\Users\Krzys\.m2\repository\org\javassist\javassist\3.21.0-GA\javassist-3.21.0-GA.jar;"/>
    <property name="java.vm.vendor" value="Oracle Corporation"/>
    <property name="sun.arch.data.model" value="64"/>
    <property name="user.variant" value=""/>
    <property name="java.vendor.url" value="https://java.oracle.com/"/>
    <property name="user.timezone" value="Europe/Warsaw"/>
    <property name="os.name" value="Windows 10"/>
    <property name="java.vm.specification.version" value="18"/>
    <property name="sun.java.launcher" value="SUN_STANDARD"/>
    <property name="user.country" value="PL"/>
    <property name="sun.boot.library.path" value="C:\Program Files\Java\jdk-18.0.1.1\bin"/>
    <property name="sun.java.command" value="C:\Users\Krzys\AppData\Local\Temp\surefire10336404277110461940\surefirebooter2029298237396758722.jar C:\Users\Krzys\AppData\Local\Temp\surefire10336404277110461940 2023-12-01T23-37-27_453-jvmRun1 surefire3299575714887903551tmp surefire_09207151602522259559tmp"/>
    <property name="jdk.debug" value="release"/>
    <property name="surefire.test.class.path" value="D:\Dane\Programowanie\AdventOfCode2023\advent-of-code-2023\target\test-classes;D:\Dane\Programowanie\AdventOfCode2023\advent-of-code-2023\target\classes;C:\Users\Krzys\.m2\repository\junit\junit\4.11\junit-4.11.jar;C:\Users\Krzys\.m2\repository\org\hamcrest\hamcrest-core\1.3\hamcrest-core-1.3.jar;C:\Users\Krzys\.m2\repository\org\reflections\reflections\0.9.11\reflections-0.9.11.jar;C:\Users\Krzys\.m2\repository\com\google\guava\guava\20.0\guava-20.0.jar;C:\Users\Krzys\.m2\repository\org\javassist\javassist\3.21.0-GA\javassist-3.21.0-GA.jar;"/>
    <property name="sun.cpu.endian" value="little"/>
    <property name="user.home" value="C:\Users\Krzys"/>
    <property name="user.language" value="pl"/>
    <property name="java.specification.vendor" value="Oracle Corporation"/>
    <property name="java.version.date" value="2022-04-22"/>
    <property name="java.home" value="C:\Program Files\Java\jdk-18.0.1.1"/>
    <property name="file.separator" value="\"/>
    <property name="basedir" value="D:\Dane\Programowanie\AdventOfCode2023\advent-of-code-2023"/>
    <property name="java.vm.compressedOopsMode" value="Zero based"/>
    <property name="line.separator" value="&#10;"/>
    <property name="java.vm.specification.vendor" value="Oracle Corporation"/>
    <property name="java.specification.name" value="Java Platform API Specification"/>
    <property name="surefire.real.class.path" value="C:\Users\Krzys\AppData\Local\Temp\surefire10336404277110461940\surefirebooter2029298237396758722.jar"/>
    <property name="user.script" value=""/>
    <property name="sun.management.compiler" value="HotSpot 64-Bit Tiered Compilers"/>
    <property name="java.runtime.version" value="18.0.1.1+2-6"/>
    <property name="user.name" value="Krzys"/>
    <property name="path.separator" value=";"/>
    <property name="os.version" value="10.0"/>
    <property name="java.runtime.name" value="OpenJDK Runtime Environment"/>
    <property name="file.encoding" value="UTF-8"/>
    <property name="java.vm.name" value="OpenJDK 64-Bit Server VM"/>
    <property name="localRepository" value="C:\Users\Krzys\.m2\repository"/>
    <property name="java.vendor.url.bug" value="https://bugreport.java.com/bugreport/"/>
    <property name="java.io.tmpdir" value="C:\Users\Krzys\AppData\Local\Temp\"/>
    <property name="java.version" value="18.0.1.1"/>
    <property name="user.dir" value="D:\Dane\Programowanie\AdventOfCode2023\advent-of-code-2023"/>
    <property name="os.arch" value="amd64"/>
    <property name="java.vm.specification.name" value="Java Virtual Machine Specification"/>
    <property name="sun.os.patch.level" value=""/>
    <property name="native.encoding" value="Cp1250"/>
    <property name="java.library.path" value="C:\Program Files\Java\jdk-18.0.1.1\bin;C:\Windows\Sun\Java\bin;C:\Windows\system32;C:\Windows;C:\Program Files (x86)\VMware\VMware Workstation\bin\;C:\Python311\Scripts\;C:\Python311\;C:\Program Files\Eclipse Adoptium\jdk-17.0.4.101-hotspot\bin;C:\Program Files\Python310\Scripts\;C:\Program Files\Python310\;C:\Windows\system32;C:\Windows;C:\Windows\System32\Wbem;C:\Windows\System32\WindowsPowerShell\v1.0\;C:\Windows\System32\OpenSSH\;C:\Program Files\NVIDIA Corporation\NVIDIA NvDLISR;C:\Program Files\dotnet\;C:\Program Files\Calibre2\;C:\Program Files\Docker\Docker\resources\bin;C:\Program Files (x86)\NVIDIA Corporation\PhysX\Common;C:\Program Files\nodejs\;C:\ProgramData\chocolatey\bin;C:\Program Files\Go\bin;C:\Program Files\Git\cmd;C:\Users\Krzys\.cargo\bin;C:\Users\Krzys\.jbang\bin;C:\Users\Krzys\AppData\Local\Microsoft\WindowsApps;C:\Program Files\JetBrains\IntelliJ IDEA 2021.2.2\bin;C:\Program Files\Java\jdk-18.0.1.1\bin;C:\Program Files\Maven\apache-maven-3.8.3\bin;C:\Users\Krzys\AppData\Local\Programs\Microsoft VS Code\bin;C:\Program Files\Gradle\gradle-8.1.1\bin;C:\Users\Krzys\AppData\Local\JetBrains\Toolbox\scripts;C:\ghcup\bin;C:\Users\Krzys\AppData\Local\Programs\oh-my-posh\bin;C:\Users\Krzys\AppData\Roaming\local\bin;C:\Users\Krzys\AppData\Roaming\npm;C:\Users\Krzys\go\bin;C:\Users\Krzys\AppData\Local\JetBrains\Toolbox\apps\Fleet\ch-0\1.27.192\app;."/>
    <property name="java.vm.info" value="mixed mode, sharing"/>
    <property name="java.vendor" value="Oracle Corporation"/>
    <property name="java.vm.version" value="18.0.1.1+2-6"/>
    <property name="sun.io.unicode.encoding" value="UnicodeLittle"/>
    <property name="java.class.version" value="62.0"/>
  </properties>
  <testcase name="shouldAnswerWithTrue" classname="pl.kpro.contests.AppTest" time="0.002"/>
</testsuite>